# JRE version: Java(TM) SE Runtime Environment (8.0_111-b14) (build 1.8.0_111-b14)
# Java VM: Java HotSpot(TM) 64-Bit Server VM (25.111-b14 mixed mode bsd-amd64 compressed oops)
Heap:
 PSYoungGen      total 242176K, used 86800K [0x0000000795580000, 0x00000007a9a00000, 0x00000007c0000000)
  eden space 227328K, 31% used [0x0000000795580000,0x0000000799c68470,0x00000007a3380000)
  from space 14848K, 95% used [0x00000007a3380000,0x00000007a415bdd0,0x00000007a4200000)
  to   space 16384K, 0% used [0x00000007a8a00000,0x00000007a8a00000,0x00000007a9a00000)
 ParOldGen       total 75776K, used 22115K [0x0000000740000000, 0x0000000744a00000, 0x0000000795580000)
  object space 75776K, 29% used [0x0000000740000000,0x0000000741598ea8,0x0000000744a00000)
 Metaspace       used 27754K, capacity 28538K, committed 28800K, reserved 1075200K
  class space    used 3286K, capacity 3585K, committed 3712K, reserved 1048576K
GC Heap History (10 events):
Event: 5.684 GC heap before
{Heap before GC invocations=10 (full 1):
 PSYoungGen      total 150528K, used 144040K [0x0000000795580000, 0x00000007a1e00000, 0x00000007c0000000)
  eden space 137728K, 100% used [0x0000000795580000,0x000000079dc00000,0x000000079dc00000)
  from space 12800K, 49% used [0x000000079e800000,0x000000079ee2a308,0x000000079f480000)
  to   space 12288K, 0% used [0x000000079dc00000,0x000000079dc00000,0x000000079e800000)
 ParOldGen       total 75776K, used 16277K [0x0000000740000000, 0x0000000744a00000, 0x0000000795580000)
  object space 75776K, 21% used [0x0000000740000000,0x0000000740fe5650,0x0000000744a00000)
 Metaspace       used 27364K, capacity 28094K, committed 28416K, reserved 1075200K
  class space    used 3253K, capacity 3507K, committed 3584K, reserved 1048576K
Event: 5.696 GC heap after
Heap after GC invocations=10 (full 1):
 PSYoungGen      total 150016K, used 12272K [0x0000000795580000, 0x00000007a1b00000, 0x00000007c0000000)
  eden space 137728K, 0% used [0x0000000795580000,0x0000000795580000,0x000000079dc00000)
  from space 12288K, 99% used [0x000000079dc00000,0x000000079e7fc120,0x000000079e800000)
  to   space 14336K, 0% used [0x00000007a0d00000,0x00000007a0d00000,0x00000007a1b00000)
 ParOldGen       total 75776K, used 18157K [0x0000000740000000, 0x0000000744a00000, 0x0000000795580000)
  object space 75776K, 23% used [0x0000000740000000,0x00000007411bb400,0x0000000744a00000)
 Metaspace       used 27364K, capacity 28094K, committed 28416K, reserved 1075200K
  class space    used 3253K, capacity 3507K, committed 3584K, reserved 1048576K
}
Event: 6.524 GC heap before
{Heap before GC invocations=11 (full 1):
 PSYoungGen      total 150016K, used 150000K [0x0000000795580000, 0x00000007a1b00000, 0x00000007c0000000)
  eden space 137728K, 100% used [0x0000000795580000,0x000000079dc00000,0x000000079dc00000)
  from space 12288K, 99% used [0x000000079dc00000,0x000000079e7fc120,0x000000079e800000)
  to   space 14336K, 0% used [0x00000007a0d00000,0x00000007a0d00000,0x00000007a1b00000)
 ParOldGen       total 75776K, used 18157K [0x0000000740000000, 0x0000000744a00000, 0x0000000795580000)
  object space 75776K, 23% used [0x0000000740000000,0x00000007411bb400,0x0000000744a00000)
 Metaspace       used 27734K, capacity 28538K, committed 28800K, reserved 1075200K
  class space    used 3286K, capacity 3585K, committed 3712K, reserved 1048576K
Event: 6.543 GC heap after
Heap after GC invocations=11 (full 1):
 PSYoungGen      total 186880K, used 12135K [0x0000000795580000, 0x00000007a1e00000, 0x00000007c0000000)
  eden space 172544K, 0% used [0x0000000795580000,0x0000000795580000,0x000000079fe00000)
  from space 14336K, 84% used [0x00000007a0d00000,0x00000007a18d9cc8,0x00000007a1b00000)
  to   space 15360K, 0% used [0x000000079fe00000,0x000000079fe00000,0x00000007a0d00000)
 ParOldGen       total 75776K, used 18165K [0x0000000740000000, 0x0000000744a00000, 0x0000000795580000)
  object space 75776K, 23% used [0x0000000740000000,0x00000007411bd400,0x0000000744a00000)
 Metaspace       used 27734K, capacity 28538K, committed 28800K, reserved 1075200K
  class space    used 3286K, capacity 3585K, committed 3712K, reserved 1048576K
}
Event: 6.753 GC heap before
{Heap before GC invocations=12 (full 1):
 PSYoungGen      total 186880K, used 184679K [0x0000000795580000, 0x00000007a1e00000, 0x00000007c0000000)
  eden space 172544K, 100% used [0x0000000795580000,0x000000079fe00000,0x000000079fe00000)
  from space 14336K, 84% used [0x00000007a0d00000,0x00000007a18d9cc8,0x00000007a1b00000)
  to   space 15360K, 0% used [0x000000079fe00000,0x000000079fe00000,0x00000007a0d00000)
 ParOldGen       total 75776K, used 18165K [0x0000000740000000, 0x0000000744a00000, 0x0000000795580000)
  object space 75776K, 23% used [0x0000000740000000,0x00000007411bd400,0x0000000744a00000)
 Metaspace       used 27736K, capacity 28538K, committed 28800K, reserved 1075200K
  class space    used 3286K, capacity 3585K, committed 3712K, reserved 1048576K
Event: 6.768 GC heap after
Heap after GC invocations=12 (full 1):
 PSYoungGen      total 187904K, used 7385K [0x0000000795580000, 0x00000007a5400000, 0x00000007c0000000)
  eden space 172544K, 0% used [0x0000000795580000,0x0000000795580000,0x000000079fe00000)
  from space 15360K, 48% used [0x000000079fe00000,0x00000007a0536438,0x00000007a0d00000)
  to   space 14848K, 0% used [0x00000007a4580000,0x00000007a4580000,0x00000007a5400000)
 ParOldGen       total 75776K, used 18173K [0x0000000740000000, 0x0000000744a00000, 0x0000000795580000)
  object space 75776K, 23% used [0x0000000740000000,0x00000007411bf400,0x0000000744a00000)
 Metaspace       used 27736K, capacity 28538K, committed 28800K, reserved 1075200K
  class space    used 3286K, capacity 3585K, committed 3712K, reserved 1048576K
}
Event: 7.736 GC heap before
{Heap before GC invocations=13 (full 1):
 PSYoungGen      total 187904K, used 179929K [0x0000000795580000, 0x00000007a5400000, 0x00000007c0000000)
  eden space 172544K, 100% used [0x0000000795580000,0x000000079fe00000,0x000000079fe00000)
  from space 15360K, 48% used [0x000000079fe00000,0x00000007a0536438,0x00000007a0d00000)
  to   space 14848K, 0% used [0x00000007a4580000,0x00000007a4580000,0x00000007a5400000)
 ParOldGen       total 75776K, used 18173K [0x0000000740000000, 0x0000000744a00000, 0x0000000795580000)
  object space 75776K, 23% used [0x0000000740000000,0x00000007411bf400,0x0000000744a00000)
 Metaspace       used 27754K, capacity 28538K, committed 28800K, reserved 1075200K
  class space    used 3286K, capacity 3585K, committed 3712K, reserved 1048576K
Event: 7.750 GC heap after
Heap after GC invocations=13 (full 1):
 PSYoungGen      total 238592K, used 9759K [0x0000000795580000, 0x00000007a5080000, 0x00000007c0000000)
  eden space 227328K, 0% used [0x0000000795580000,0x0000000795580000,0x00000007a3380000)
  from space 11264K, 86% used [0x00000007a4580000,0x00000007a4f07db8,0x00000007a5080000)
  to   space 14848K, 0% used [0x00000007a3380000,0x00000007a3380000,0x00000007a4200000)
 ParOldGen       total 75776K, used 18173K [0x0000000740000000, 0x0000000744a00000, 0x0000000795580000)
  object space 75776K, 23% used [0x0000000740000000,0x00000007411bf400,0x0000000744a00000)
 Metaspace       used 27754K, capacity 28538K, committed 28800K, reserved 1075200K
  class space    used 3286K, capacity 3585K, committed 3712K, reserved 1048576K
}
Event: 8.580 GC heap before
{Heap before GC invocations=14 (full 1):
 PSYoungGen      total 238592K, used 237087K [0x0000000795580000, 0x00000007a5080000, 0x00000007c0000000)
  eden space 227328K, 100% used [0x0000000795580000,0x00000007a3380000,0x00000007a3380000)
  from space 11264K, 86% used [0x00000007a4580000,0x00000007a4f07db8,0x00000007a5080000)
  to   space 14848K, 0% used [0x00000007a3380000,0x00000007a3380000,0x00000007a4200000)
 ParOldGen       total 75776K, used 18173K [0x0000000740000000, 0x0000000744a00000, 0x0000000795580000)
  object space 75776K, 23% used [0x0000000740000000,0x00000007411bf400,0x0000000744a00000)
 Metaspace       used 27754K, capacity 28538K, committed 28800K, reserved 1075200K
  class space    used 3286K, capacity 3585K, committed 3712K, reserved 1048576K
Event: 8.603 GC heap after
Heap after GC invocations=14 (full 1):
 PSYoungGen      total 242176K, used 14191K [0x0000000795580000, 0x00000007a9a00000, 0x00000007c0000000)
  eden space 227328K, 0% used [0x0000000795580000,0x0000000795580000,0x00000007a3380000)
  from space 14848K, 95% used [0x00000007a3380000,0x00000007a415bdd0,0x00000007a4200000)
  to   space 16384K, 0% used [0x00000007a8a00000,0x00000007a8a00000,0x00000007a9a00000)
 ParOldGen       total 75776K, used 22115K [0x0000000740000000, 0x0000000744a00000, 0x0000000795580000)
  object space 75776K, 29% used [0x0000000740000000,0x0000000741598ea8,0x0000000744a00000)
 Metaspace       used 27754K, capacity 28538K, committed 28800K, reserved 1075200K
  class space    used 3286K, capacity 3585K, committed 3712K, reserved 1048576K
}

